{"/Users/kimo/Documents/SaviPets/web-admin/src/features/chat/components/ConversationTypeBadge.tsx": {"path":"/Users/kimo/Documents/SaviPets/web-admin/src/features/chat/components/ConversationTypeBadge.tsx","statementMap":{"0":{"start":{"line":27,"column":2},"end":{"line":49,"column":null}},"1":{"start":{"line":29,"column":6},"end":{"line":32,"column":null}},"2":{"start":{"line":34,"column":6},"end":{"line":37,"column":null}},"3":{"start":{"line":39,"column":6},"end":{"line":42,"column":null}},"4":{"start":{"line":45,"column":6},"end":{"line":48,"column":null}},"5":{"start":{"line":58,"column":75},"end":{"line":78,"column":null}},"6":{"start":{"line":62,"column":27},"end":{"line":62,"column":null}},"7":{"start":{"line":64,"column":2},"end":{"line":76,"column":null}}},"fnMap":{"0":{"name":"getBadgeConfig","decl":{"start":{"line":23,"column":9},"end":{"line":23,"column":24}},"loc":{"start":{"line":26,"column":2},"end":{"line":50,"column":null}},"line":26},"1":{"name":"(anonymous_1)","decl":{"start":{"line":58,"column":75},"end":{"line":58,"column":76}},"loc":{"start":{"line":61,"column":6},"end":{"line":78,"column":null}},"line":61}},"branchMap":{"0":{"loc":{"start":{"line":27,"column":2},"end":{"line":49,"column":null}},"type":"switch","locations":[{"start":{"line":28,"column":4},"end":{"line":32,"column":null}},{"start":{"line":33,"column":4},"end":{"line":37,"column":null}},{"start":{"line":38,"column":4},"end":{"line":42,"column":null}},{"start":{"line":43,"column":4},"end":{"line":43,"column":null}},{"start":{"line":44,"column":4},"end":{"line":48,"column":null}}],"line":27},"1":{"loc":{"start":{"line":60,"column":2},"end":{"line":60,"column":null}},"type":"default-arg","locations":[{"start":{"line":60,"column":9},"end":{"line":60,"column":null}}],"line":60},"2":{"loc":{"start":{"line":70,"column":18},"end":{"line":70,"column":null}},"type":"cond-expr","locations":[{"start":{"line":70,"column":37},"end":{"line":70,"column":46}},{"start":{"line":70,"column":46},"end":{"line":70,"column":null}}],"line":70},"3":{"loc":{"start":{"line":71,"column":20},"end":{"line":71,"column":null}},"type":"cond-expr","locations":[{"start":{"line":71,"column":39},"end":{"line":71,"column":48}},{"start":{"line":71,"column":48},"end":{"line":71,"column":null}}],"line":71},"4":{"loc":{"start":{"line":72,"column":17},"end":{"line":72,"column":null}},"type":"cond-expr","locations":[{"start":{"line":72,"column":36},"end":{"line":72,"column":46}},{"start":{"line":72,"column":46},"end":{"line":72,"column":null}}],"line":72}},"s":{"0":10,"1":4,"2":2,"3":2,"4":2,"5":1,"6":10,"7":10},"f":{"0":10,"1":10},"b":{"0":[4,2,2,2,2],"1":[10],"2":[1,9],"3":[1,9],"4":[1,9]},"meta":{"lastBranch":5,"lastFunction":2,"lastStatement":8,"seen":{"f:23:9:23:24":0,"b:28:4:32:Infinity:33:4:37:Infinity:38:4:42:Infinity:43:4:43:Infinity:44:4:48:Infinity":0,"s:27:2:49:Infinity":0,"s:29:6:32:Infinity":1,"s:34:6:37:Infinity":2,"s:39:6:42:Infinity":3,"s:45:6:48:Infinity":4,"s:58:75:78:Infinity":5,"f:58:75:58:76":1,"b:60:9:60:Infinity":1,"s:62:27:62:Infinity":6,"s:64:2:76:Infinity":7,"b:70:37:70:46:70:46:70:Infinity":2,"b:71:39:71:48:71:48:71:Infinity":3,"b:72:36:72:46:72:46:72:Infinity":4}}}
,"/Users/kimo/Documents/SaviPets/web-admin/src/features/chat/components/ConversationTypeFilter.tsx": {"path":"/Users/kimo/Documents/SaviPets/web-admin/src/features/chat/components/ConversationTypeFilter.tsx","statementMap":{"0":{"start":{"line":23,"column":2},"end":{"line":36,"column":null}},"1":{"start":{"line":25,"column":6},"end":{"line":25,"column":null}},"2":{"start":{"line":27,"column":6},"end":{"line":27,"column":null}},"3":{"start":{"line":29,"column":6},"end":{"line":29,"column":null}},"4":{"start":{"line":31,"column":6},"end":{"line":31,"column":null}},"5":{"start":{"line":33,"column":6},"end":{"line":33,"column":null}},"6":{"start":{"line":35,"column":6},"end":{"line":35,"column":null}},"7":{"start":{"line":45,"column":77},"end":{"line":82,"column":null}},"8":{"start":{"line":51,"column":19},"end":{"line":68,"column":null}},"9":{"start":{"line":70,"column":2},"end":{"line":80,"column":null}},"10":{"start":{"line":73,"column":25},"end":{"line":73,"column":null}}},"fnMap":{"0":{"name":"getFilterLabel","decl":{"start":{"line":22,"column":9},"end":{"line":22,"column":24}},"loc":{"start":{"line":22,"column":72},"end":{"line":37,"column":null}},"line":22},"1":{"name":"(anonymous_1)","decl":{"start":{"line":45,"column":77},"end":{"line":45,"column":78}},"loc":{"start":{"line":50,"column":6},"end":{"line":82,"column":null}},"line":50},"2":{"name":"(anonymous_2)","decl":{"start":{"line":73,"column":16},"end":{"line":73,"column":17}},"loc":{"start":{"line":73,"column":25},"end":{"line":73,"column":null}},"line":73}},"branchMap":{"0":{"loc":{"start":{"line":23,"column":2},"end":{"line":36,"column":null}},"type":"switch","locations":[{"start":{"line":24,"column":4},"end":{"line":25,"column":null}},{"start":{"line":26,"column":4},"end":{"line":27,"column":null}},{"start":{"line":28,"column":4},"end":{"line":29,"column":null}},{"start":{"line":30,"column":4},"end":{"line":31,"column":null}},{"start":{"line":32,"column":4},"end":{"line":33,"column":null}},{"start":{"line":34,"column":4},"end":{"line":35,"column":null}}],"line":23}},"s":{"0":0,"1":0,"2":0,"3":0,"4":0,"5":0,"6":0,"7":1,"8":10,"9":10,"10":3},"f":{"0":0,"1":10,"2":3},"b":{"0":[0,0,0,0,0,0]},"meta":{"lastBranch":1,"lastFunction":3,"lastStatement":11,"seen":{"f:22:9:22:24":0,"b:24:4:25:Infinity:26:4:27:Infinity:28:4:29:Infinity:30:4:31:Infinity:32:4:33:Infinity:34:4:35:Infinity":0,"s:23:2:36:Infinity":0,"s:25:6:25:Infinity":1,"s:27:6:27:Infinity":2,"s:29:6:29:Infinity":3,"s:31:6:31:Infinity":4,"s:33:6:33:Infinity":5,"s:35:6:35:Infinity":6,"s:45:77:82:Infinity":7,"f:45:77:45:78":1,"s:51:19:68:Infinity":8,"s:70:2:80:Infinity":9,"f:73:16:73:17":2,"s:73:25:73:Infinity":10}}}
,"/Users/kimo/Documents/SaviPets/web-admin/src/features/chat/components/ParticipantRoleBadge.tsx": {"path":"/Users/kimo/Documents/SaviPets/web-admin/src/features/chat/components/ParticipantRoleBadge.tsx","statementMap":{"0":{"start":{"line":26,"column":2},"end":{"line":51,"column":null}},"1":{"start":{"line":28,"column":6},"end":{"line":32,"column":null}},"2":{"start":{"line":34,"column":6},"end":{"line":38,"column":null}},"3":{"start":{"line":40,"column":6},"end":{"line":44,"column":null}},"4":{"start":{"line":46,"column":6},"end":{"line":50,"column":null}},"5":{"start":{"line":60,"column":73},"end":{"line":84,"column":null}},"6":{"start":{"line":64,"column":33},"end":{"line":64,"column":null}},"7":{"start":{"line":66,"column":2},"end":{"line":82,"column":null}}},"fnMap":{"0":{"name":"getRoleConfig","decl":{"start":{"line":21,"column":9},"end":{"line":21,"column":23}},"loc":{"start":{"line":25,"column":2},"end":{"line":52,"column":null}},"line":25},"1":{"name":"(anonymous_1)","decl":{"start":{"line":60,"column":73},"end":{"line":60,"column":74}},"loc":{"start":{"line":63,"column":6},"end":{"line":84,"column":null}},"line":63}},"branchMap":{"0":{"loc":{"start":{"line":26,"column":2},"end":{"line":51,"column":null}},"type":"switch","locations":[{"start":{"line":27,"column":4},"end":{"line":32,"column":null}},{"start":{"line":33,"column":4},"end":{"line":38,"column":null}},{"start":{"line":39,"column":4},"end":{"line":44,"column":null}},{"start":{"line":45,"column":4},"end":{"line":50,"column":null}}],"line":26},"1":{"loc":{"start":{"line":62,"column":2},"end":{"line":62,"column":null}},"type":"default-arg","locations":[{"start":{"line":62,"column":9},"end":{"line":62,"column":null}}],"line":62},"2":{"loc":{"start":{"line":73,"column":18},"end":{"line":73,"column":null}},"type":"cond-expr","locations":[{"start":{"line":73,"column":37},"end":{"line":73,"column":46}},{"start":{"line":73,"column":46},"end":{"line":73,"column":null}}],"line":73},"3":{"loc":{"start":{"line":74,"column":20},"end":{"line":74,"column":null}},"type":"cond-expr","locations":[{"start":{"line":74,"column":39},"end":{"line":74,"column":48}},{"start":{"line":74,"column":48},"end":{"line":74,"column":null}}],"line":74},"4":{"loc":{"start":{"line":75,"column":17},"end":{"line":75,"column":null}},"type":"cond-expr","locations":[{"start":{"line":75,"column":36},"end":{"line":75,"column":46}},{"start":{"line":75,"column":46},"end":{"line":75,"column":null}}],"line":75}},"s":{"0":11,"1":5,"2":3,"3":3,"4":0,"5":1,"6":11,"7":11},"f":{"0":11,"1":11},"b":{"0":[5,3,3,0],"1":[11],"2":[1,10],"3":[1,10],"4":[1,10]},"meta":{"lastBranch":5,"lastFunction":2,"lastStatement":8,"seen":{"f:21:9:21:23":0,"b:27:4:32:Infinity:33:4:38:Infinity:39:4:44:Infinity:45:4:50:Infinity":0,"s:26:2:51:Infinity":0,"s:28:6:32:Infinity":1,"s:34:6:38:Infinity":2,"s:40:6:44:Infinity":3,"s:46:6:50:Infinity":4,"s:60:73:84:Infinity":5,"f:60:73:60:74":1,"b:62:9:62:Infinity":1,"s:64:33:64:Infinity":6,"s:66:2:82:Infinity":7,"b:73:37:73:46:73:46:73:Infinity":2,"b:74:39:74:48:74:48:74:Infinity":3,"b:75:36:75:46:75:46:75:Infinity":4}}}
,"/Users/kimo/Documents/SaviPets/web-admin/src/features/chat/utils/chatPermissions.ts": {"path":"/Users/kimo/Documents/SaviPets/web-admin/src/features/chat/utils/chatPermissions.ts","statementMap":{"0":{"start":{"line":23,"column":2},"end":{"line":28,"column":null}},"1":{"start":{"line":24,"column":4},"end":{"line":27,"column":null}},"2":{"start":{"line":31,"column":16},"end":{"line":31,"column":null}},"3":{"start":{"line":32,"column":2},"end":{"line":34,"column":null}},"4":{"start":{"line":33,"column":4},"end":{"line":33,"column":null}},"5":{"start":{"line":37,"column":2},"end":{"line":42,"column":null}},"6":{"start":{"line":38,"column":4},"end":{"line":41,"column":null}},"7":{"start":{"line":45,"column":2},"end":{"line":45,"column":null}}},"fnMap":{"0":{"name":"evaluateAdminSendPermission","decl":{"start":{"line":20,"column":16},"end":{"line":20,"column":null}},"loc":{"start":{"line":22,"column":28},"end":{"line":46,"column":null}},"line":22}},"branchMap":{"0":{"loc":{"start":{"line":23,"column":2},"end":{"line":28,"column":null}},"type":"if","locations":[{"start":{"line":23,"column":2},"end":{"line":28,"column":null}},{"start":{},"end":{}}],"line":23},"1":{"loc":{"start":{"line":32,"column":2},"end":{"line":34,"column":null}},"type":"if","locations":[{"start":{"line":32,"column":2},"end":{"line":34,"column":null}},{"start":{},"end":{}}],"line":32},"2":{"loc":{"start":{"line":37,"column":2},"end":{"line":42,"column":null}},"type":"if","locations":[{"start":{"line":37,"column":2},"end":{"line":42,"column":null}},{"start":{},"end":{}}],"line":37}},"s":{"0":12,"1":2,"2":10,"3":10,"4":3,"5":7,"6":1,"7":6},"f":{"0":12},"b":{"0":[2,10],"1":[3,7],"2":[1,6]},"meta":{"lastBranch":3,"lastFunction":1,"lastStatement":8,"seen":{"f:20:16:20:Infinity":0,"b:23:2:28:Infinity:undefined:undefined:undefined:undefined":0,"s:23:2:28:Infinity":0,"s:24:4:27:Infinity":1,"s:31:16:31:Infinity":2,"b:32:2:34:Infinity:undefined:undefined:undefined:undefined":1,"s:32:2:34:Infinity":3,"s:33:4:33:Infinity":4,"b:37:2:42:Infinity:undefined:undefined:undefined:undefined":2,"s:37:2:42:Infinity":5,"s:38:4:41:Infinity":6,"s:45:2:45:Infinity":7}}}
,"/Users/kimo/Documents/SaviPets/web-admin/src/features/chat/utils/chatType.ts": {"path":"/Users/kimo/Documents/SaviPets/web-admin/src/features/chat/utils/chatType.ts","statementMap":{"0":{"start":{"line":8,"column":61},"end":{"line":8,"column":null}},"1":{"start":{"line":9,"column":61},"end":{"line":9,"column":null}},"2":{"start":{"line":10,"column":64},"end":{"line":10,"column":null}},"3":{"start":{"line":13,"column":59},"end":{"line":16,"column":null}},"4":{"start":{"line":19,"column":2},"end":{"line":19,"column":null}},"5":{"start":{"line":19,"column":12},"end":{"line":19,"column":null}},"6":{"start":{"line":20,"column":16},"end":{"line":20,"column":null}},"7":{"start":{"line":23,"column":2},"end":{"line":25,"column":null}},"8":{"start":{"line":24,"column":4},"end":{"line":24,"column":null}},"9":{"start":{"line":27,"column":2},"end":{"line":29,"column":null}},"10":{"start":{"line":28,"column":4},"end":{"line":28,"column":null}},"11":{"start":{"line":31,"column":2},"end":{"line":33,"column":null}},"12":{"start":{"line":32,"column":4},"end":{"line":32,"column":null}},"13":{"start":{"line":36,"column":2},"end":{"line":36,"column":null}}},"fnMap":{"0":{"name":"normalizeConversationType","decl":{"start":{"line":18,"column":16},"end":{"line":18,"column":42}},"loc":{"start":{"line":18,"column":107},"end":{"line":37,"column":null}},"line":18}},"branchMap":{"0":{"loc":{"start":{"line":19,"column":2},"end":{"line":19,"column":null}},"type":"if","locations":[{"start":{"line":19,"column":2},"end":{"line":19,"column":null}},{"start":{},"end":{}}],"line":19},"1":{"loc":{"start":{"line":23,"column":2},"end":{"line":25,"column":null}},"type":"if","locations":[{"start":{"line":23,"column":2},"end":{"line":25,"column":null}},{"start":{},"end":{}}],"line":23},"2":{"loc":{"start":{"line":23,"column":6},"end":{"line":23,"column":61}},"type":"binary-expr","locations":[{"start":{"line":23,"column":6},"end":{"line":23,"column":34}},{"start":{"line":23,"column":34},"end":{"line":23,"column":61}}],"line":23},"3":{"loc":{"start":{"line":27,"column":2},"end":{"line":29,"column":null}},"type":"if","locations":[{"start":{"line":27,"column":2},"end":{"line":29,"column":null}},{"start":{},"end":{}}],"line":27},"4":{"loc":{"start":{"line":31,"column":2},"end":{"line":33,"column":null}},"type":"if","locations":[{"start":{"line":31,"column":2},"end":{"line":33,"column":null}},{"start":{},"end":{}}],"line":31}},"s":{"0":7,"1":7,"2":7,"3":7,"4":24,"5":3,"6":21,"7":21,"8":5,"9":16,"10":2,"11":14,"12":2,"13":12},"f":{"0":24},"b":{"0":[3,21],"1":[5,16],"2":[21,19],"3":[2,14],"4":[2,12]},"meta":{"lastBranch":5,"lastFunction":1,"lastStatement":14,"seen":{"s:8:61:8:Infinity":0,"s:9:61:9:Infinity":1,"s:10:64:10:Infinity":2,"s:13:59:16:Infinity":3,"f:18:16:18:42":0,"b:19:2:19:Infinity:undefined:undefined:undefined:undefined":0,"s:19:2:19:Infinity":4,"s:19:12:19:Infinity":5,"s:20:16:20:Infinity":6,"b:23:2:25:Infinity:undefined:undefined:undefined:undefined":1,"s:23:2:25:Infinity":7,"b:23:6:23:34:23:34:23:61":2,"s:24:4:24:Infinity":8,"b:27:2:29:Infinity:undefined:undefined:undefined:undefined":3,"s:27:2:29:Infinity":9,"s:28:4:28:Infinity":10,"b:31:2:33:Infinity:undefined:undefined:undefined:undefined":4,"s:31:2:33:Infinity":11,"s:32:4:32:Infinity":12,"s:36:2:36:Infinity":13}}}
,"/Users/kimo/Documents/SaviPets/web-admin/src/features/chat/utils/conversationDeduplication.ts": {"path":"/Users/kimo/Documents/SaviPets/web-admin/src/features/chat/utils/conversationDeduplication.ts","statementMap":{"0":{"start":{"line":15,"column":2},"end":{"line":18,"column":null}},"1":{"start":{"line":17,"column":4},"end":{"line":17,"column":null}},"2":{"start":{"line":21,"column":25},"end":{"line":39,"column":null}},"3":{"start":{"line":24,"column":6},"end":{"line":26,"column":null}},"4":{"start":{"line":25,"column":8},"end":{"line":25,"column":null}},"5":{"start":{"line":27,"column":6},"end":{"line":29,"column":null}},"6":{"start":{"line":28,"column":8},"end":{"line":28,"column":null}},"7":{"start":{"line":30,"column":6},"end":{"line":30,"column":null}},"8":{"start":{"line":32,"column":34},"end":{"line":32,"column":71}},"9":{"start":{"line":35,"column":6},"end":{"line":37,"column":null}},"10":{"start":{"line":36,"column":8},"end":{"line":36,"column":null}},"11":{"start":{"line":38,"column":6},"end":{"line":38,"column":null}},"12":{"start":{"line":42,"column":2},"end":{"line":44,"column":null}},"13":{"start":{"line":43,"column":4},"end":{"line":43,"column":null}},"14":{"start":{"line":47,"column":20},"end":{"line":47,"column":null}},"15":{"start":{"line":48,"column":2},"end":{"line":48,"column":null}},"16":{"start":{"line":56,"column":5},"end":{"line":59,"column":null}},"17":{"start":{"line":60,"column":12},"end":{"line":60,"column":null}},"18":{"start":{"line":61,"column":17},"end":{"line":61,"column":null}},"19":{"start":{"line":62,"column":2},"end":{"line":62,"column":null}},"20":{"start":{"line":76,"column":2},"end":{"line":76,"column":null}},"21":{"start":{"line":76,"column":52},"end":{"line":76,"column":null}},"22":{"start":{"line":78,"column":28},"end":{"line":78,"column":null}},"23":{"start":{"line":79,"column":24},"end":{"line":79,"column":null}},"24":{"start":{"line":81,"column":2},"end":{"line":99,"column":null}},"25":{"start":{"line":82,"column":16},"end":{"line":82,"column":null}},"26":{"start":{"line":83,"column":21},"end":{"line":83,"column":null}},"27":{"start":{"line":85,"column":4},"end":{"line":98,"column":null}},"28":{"start":{"line":86,"column":6},"end":{"line":86,"column":null}},"29":{"start":{"line":89,"column":6},"end":{"line":89,"column":null}},"30":{"start":{"line":92,"column":26},"end":{"line":92,"column":null}},"31":{"start":{"line":93,"column":27},"end":{"line":93,"column":null}},"32":{"start":{"line":95,"column":6},"end":{"line":97,"column":null}},"33":{"start":{"line":96,"column":8},"end":{"line":96,"column":null}},"34":{"start":{"line":104,"column":2},"end":{"line":108,"column":null}},"35":{"start":{"line":105,"column":18},"end":{"line":105,"column":null}},"36":{"start":{"line":106,"column":18},"end":{"line":106,"column":null}},"37":{"start":{"line":107,"column":4},"end":{"line":107,"column":null}}},"fnMap":{"0":{"name":"getParticipantPairKey","decl":{"start":{"line":14,"column":16},"end":{"line":14,"column":38}},"loc":{"start":{"line":14,"column":106},"end":{"line":49,"column":null}},"line":14},"1":{"name":"(anonymous_1)","decl":{"start":{"line":22,"column":9},"end":{"line":22,"column":10}},"loc":{"start":{"line":22,"column":21},"end":{"line":31,"column":5}},"line":22},"2":{"name":"(anonymous_2)","decl":{"start":{"line":32,"column":12},"end":{"line":32,"column":13}},"loc":{"start":{"line":32,"column":34},"end":{"line":32,"column":71}},"line":32},"3":{"name":"(anonymous_3)","decl":{"start":{"line":33,"column":12},"end":{"line":33,"column":13}},"loc":{"start":{"line":33,"column":28},"end":{"line":39,"column":5}},"line":33},"4":{"name":"getConversationSortDate","decl":{"start":{"line":54,"column":16},"end":{"line":54,"column":40}},"loc":{"start":{"line":54,"column":76},"end":{"line":63,"column":null}},"line":54},"5":{"name":"deduplicateByParticipantPair","decl":{"start":{"line":72,"column":16},"end":{"line":72,"column":null}},"loc":{"start":{"line":75,"column":18},"end":{"line":109,"column":null}},"line":75},"6":{"name":"(anonymous_6)","decl":{"start":{"line":104,"column":53},"end":{"line":104,"column":54}},"loc":{"start":{"line":104,"column":63},"end":{"line":108,"column":3}},"line":104}},"branchMap":{"0":{"loc":{"start":{"line":15,"column":2},"end":{"line":18,"column":null}},"type":"if","locations":[{"start":{"line":15,"column":2},"end":{"line":18,"column":null}},{"start":{},"end":{}}],"line":15},"1":{"loc":{"start":{"line":15,"column":6},"end":{"line":15,"column":79}},"type":"binary-expr","locations":[{"start":{"line":15,"column":6},"end":{"line":15,"column":36}},{"start":{"line":15,"column":36},"end":{"line":15,"column":79}}],"line":15},"2":{"loc":{"start":{"line":24,"column":6},"end":{"line":26,"column":null}},"type":"if","locations":[{"start":{"line":24,"column":6},"end":{"line":26,"column":null}},{"start":{},"end":{}}],"line":24},"3":{"loc":{"start":{"line":27,"column":6},"end":{"line":29,"column":null}},"type":"if","locations":[{"start":{"line":27,"column":6},"end":{"line":29,"column":null}},{"start":{},"end":{}}],"line":27},"4":{"loc":{"start":{"line":27,"column":10},"end":{"line":27,"column":50}},"type":"binary-expr","locations":[{"start":{"line":27,"column":10},"end":{"line":27,"column":15}},{"start":{"line":27,"column":15},"end":{"line":27,"column":40}},{"start":{"line":27,"column":40},"end":{"line":27,"column":50}}],"line":27},"5":{"loc":{"start":{"line":32,"column":42},"end":{"line":32,"column":70}},"type":"binary-expr","locations":[{"start":{"line":32,"column":42},"end":{"line":32,"column":48}},{"start":{"line":32,"column":48},"end":{"line":32,"column":70}}],"line":32},"6":{"loc":{"start":{"line":35,"column":6},"end":{"line":37,"column":null}},"type":"if","locations":[{"start":{"line":35,"column":6},"end":{"line":37,"column":null}},{"start":{},"end":{}}],"line":35},"7":{"loc":{"start":{"line":35,"column":10},"end":{"line":35,"column":51}},"type":"binary-expr","locations":[{"start":{"line":35,"column":10},"end":{"line":35,"column":28}},{"start":{"line":35,"column":28},"end":{"line":35,"column":51}}],"line":35},"8":{"loc":{"start":{"line":42,"column":2},"end":{"line":44,"column":null}},"type":"if","locations":[{"start":{"line":42,"column":2},"end":{"line":44,"column":null}},{"start":{},"end":{}}],"line":42},"9":{"loc":{"start":{"line":56,"column":5},"end":{"line":59,"column":null}},"type":"binary-expr","locations":[{"start":{"line":56,"column":5},"end":{"line":56,"column":null}},{"start":{"line":57,"column":5},"end":{"line":57,"column":null}},{"start":{"line":58,"column":5},"end":{"line":58,"column":null}},{"start":{"line":59,"column":5},"end":{"line":59,"column":null}}],"line":56},"10":{"loc":{"start":{"line":60,"column":12},"end":{"line":60,"column":null}},"type":"cond-expr","locations":[{"start":{"line":60,"column":47},"end":{"line":60,"column":61}},{"start":{"line":60,"column":61},"end":{"line":60,"column":null}}],"line":60},"11":{"loc":{"start":{"line":61,"column":17},"end":{"line":61,"column":null}},"type":"cond-expr","locations":[{"start":{"line":61,"column":37},"end":{"line":61,"column":42}},{"start":{"line":61,"column":42},"end":{"line":61,"column":null}}],"line":61},"12":{"loc":{"start":{"line":61,"column":42},"end":{"line":61,"column":null}},"type":"cond-expr","locations":[{"start":{"line":61,"column":46},"end":{"line":61,"column":60}},{"start":{"line":61,"column":60},"end":{"line":61,"column":null}}],"line":61},"13":{"loc":{"start":{"line":62,"column":9},"end":{"line":62,"column":null}},"type":"binary-expr","locations":[{"start":{"line":62,"column":9},"end":{"line":62,"column":32}},{"start":{"line":62,"column":32},"end":{"line":62,"column":null}}],"line":62},"14":{"loc":{"start":{"line":76,"column":2},"end":{"line":76,"column":null}},"type":"if","locations":[{"start":{"line":76,"column":2},"end":{"line":76,"column":null}},{"start":{},"end":{}}],"line":76},"15":{"loc":{"start":{"line":76,"column":6},"end":{"line":76,"column":52}},"type":"binary-expr","locations":[{"start":{"line":76,"column":6},"end":{"line":76,"column":24}},{"start":{"line":76,"column":24},"end":{"line":76,"column":52}}],"line":76},"16":{"loc":{"start":{"line":82,"column":16},"end":{"line":82,"column":null}},"type":"binary-expr","locations":[{"start":{"line":82,"column":16},"end":{"line":82,"column":71}},{"start":{"line":82,"column":71},"end":{"line":82,"column":null}}],"line":82},"17":{"loc":{"start":{"line":85,"column":4},"end":{"line":98,"column":null}},"type":"if","locations":[{"start":{"line":85,"column":4},"end":{"line":98,"column":null}},{"start":{"line":87,"column":11},"end":{"line":98,"column":null}}],"line":85},"18":{"loc":{"start":{"line":95,"column":6},"end":{"line":97,"column":null}},"type":"if","locations":[{"start":{"line":95,"column":6},"end":{"line":97,"column":null}},{"start":{},"end":{}}],"line":95}},"s":{"0":19,"1":1,"2":18,"3":33,"4":3,"5":30,"6":28,"7":2,"8":33,"9":31,"10":2,"11":29,"12":18,"13":1,"14":17,"15":17,"16":22,"17":22,"18":22,"19":22,"20":6,"21":1,"22":5,"23":5,"24":5,"25":11,"26":11,"27":11,"28":8,"29":3,"30":3,"31":3,"32":3,"33":3,"34":5,"35":5,"36":5,"37":5},"f":{"0":19,"1":33,"2":33,"3":31,"4":22,"5":6,"6":5},"b":{"0":[1,18],"1":[19,18],"2":[3,30],"3":[28,2],"4":[30,29,29],"5":[33,31],"6":[2,29],"7":[31,5],"8":[1,17],"9":[22,21,19,2],"10":[1,21],"11":[21,1],"12":[0,1],"13":[22,1],"14":[1,5],"15":[6,6],"16":[11,0],"17":[8,3],"18":[3,0]},"meta":{"lastBranch":19,"lastFunction":7,"lastStatement":38,"seen":{"f:14:16:14:38":0,"b:15:2:18:Infinity:undefined:undefined:undefined:undefined":0,"s:15:2:18:Infinity":0,"b:15:6:15:36:15:36:15:79":1,"s:17:4:17:Infinity":1,"s:21:25:39:Infinity":2,"f:22:9:22:10":1,"b:24:6:26:Infinity:undefined:undefined:undefined:undefined":2,"s:24:6:26:Infinity":3,"s:25:8:25:Infinity":4,"b:27:6:29:Infinity:undefined:undefined:undefined:undefined":3,"s:27:6:29:Infinity":5,"b:27:10:27:15:27:15:27:40:27:40:27:50":4,"s:28:8:28:Infinity":6,"s:30:6:30:Infinity":7,"f:32:12:32:13":2,"s:32:34:32:71":8,"b:32:42:32:48:32:48:32:70":5,"f:33:12:33:13":3,"b:35:6:37:Infinity:undefined:undefined:undefined:undefined":6,"s:35:6:37:Infinity":9,"b:35:10:35:28:35:28:35:51":7,"s:36:8:36:Infinity":10,"s:38:6:38:Infinity":11,"b:42:2:44:Infinity:undefined:undefined:undefined:undefined":8,"s:42:2:44:Infinity":12,"s:43:4:43:Infinity":13,"s:47:20:47:Infinity":14,"s:48:2:48:Infinity":15,"f:54:16:54:40":4,"s:56:5:59:Infinity":16,"b:56:5:56:Infinity:57:5:57:Infinity:58:5:58:Infinity:59:5:59:Infinity":9,"s:60:12:60:Infinity":17,"b:60:47:60:61:60:61:60:Infinity":10,"s:61:17:61:Infinity":18,"b:61:37:61:42:61:42:61:Infinity":11,"b:61:46:61:60:61:60:61:Infinity":12,"s:62:2:62:Infinity":19,"b:62:9:62:32:62:32:62:Infinity":13,"f:72:16:72:Infinity":5,"b:76:2:76:Infinity:undefined:undefined:undefined:undefined":14,"s:76:2:76:Infinity":20,"b:76:6:76:24:76:24:76:52":15,"s:76:52:76:Infinity":21,"s:78:28:78:Infinity":22,"s:79:24:79:Infinity":23,"s:81:2:99:Infinity":24,"s:82:16:82:Infinity":25,"b:82:16:82:71:82:71:82:Infinity":16,"s:83:21:83:Infinity":26,"b:85:4:98:Infinity:87:11:98:Infinity":17,"s:85:4:98:Infinity":27,"s:86:6:86:Infinity":28,"s:89:6:89:Infinity":29,"s:92:26:92:Infinity":30,"s:93:27:93:Infinity":31,"b:95:6:97:Infinity:undefined:undefined:undefined:undefined":18,"s:95:6:97:Infinity":32,"s:96:8:96:Infinity":33,"s:104:2:108:Infinity":34,"f:104:53:104:54":6,"s:105:18:105:Infinity":35,"s:106:18:106:Infinity":36,"s:107:4:107:Infinity":37}}}
,"/Users/kimo/Documents/SaviPets/web-admin/src/features/chat/utils/conversationFilters.ts": {"path":"/Users/kimo/Documents/SaviPets/web-admin/src/features/chat/utils/conversationFilters.ts","statementMap":{"0":{"start":{"line":10,"column":37},"end":{"line":14,"column":null}},"1":{"start":{"line":11,"column":2},"end":{"line":12,"column":null}},"2":{"start":{"line":16,"column":41},"end":{"line":19,"column":null}},"3":{"start":{"line":17,"column":16},"end":{"line":17,"column":null}},"4":{"start":{"line":18,"column":2},"end":{"line":18,"column":null}},"5":{"start":{"line":38,"column":2},"end":{"line":40,"column":null}},"6":{"start":{"line":39,"column":4},"end":{"line":39,"column":null}},"7":{"start":{"line":43,"column":2},"end":{"line":46,"column":null}},"8":{"start":{"line":44,"column":10},"end":{"line":44,"column":null}},"9":{"start":{"line":45,"column":4},"end":{"line":45,"column":null}}},"fnMap":{"0":{"name":"(anonymous_0)","decl":{"start":{"line":10,"column":37},"end":{"line":10,"column":38}},"loc":{"start":{"line":10,"column":78},"end":{"line":14,"column":null}},"line":10},"1":{"name":"(anonymous_1)","decl":{"start":{"line":16,"column":41},"end":{"line":16,"column":42}},"loc":{"start":{"line":16,"column":82},"end":{"line":19,"column":null}},"line":16},"2":{"name":"filterByCategory","decl":{"start":{"line":32,"column":16},"end":{"line":32,"column":null}},"loc":{"start":{"line":36,"column":18},"end":{"line":47,"column":null}},"line":36},"3":{"name":"(anonymous_3)","decl":{"start":{"line":43,"column":30},"end":{"line":43,"column":46}},"loc":{"start":{"line":43,"column":46},"end":{"line":46,"column":3}},"line":43}},"branchMap":{"0":{"loc":{"start":{"line":18,"column":9},"end":{"line":18,"column":null}},"type":"binary-expr","locations":[{"start":{"line":18,"column":9},"end":{"line":18,"column":40}},{"start":{"line":18,"column":40},"end":{"line":18,"column":null}}],"line":18},"1":{"loc":{"start":{"line":38,"column":2},"end":{"line":40,"column":null}},"type":"if","locations":[{"start":{"line":38,"column":2},"end":{"line":40,"column":null}},{"start":{},"end":{}}],"line":38}},"s":{"0":3,"1":12,"2":3,"3":12,"4":12,"5":12,"6":2,"7":10,"8":124,"9":124},"f":{"0":12,"1":12,"2":12,"3":124},"b":{"0":[12,9],"1":[2,10]},"meta":{"lastBranch":2,"lastFunction":4,"lastStatement":10,"seen":{"s:10:37:14:Infinity":0,"f:10:37:10:38":0,"s:11:2:12:Infinity":1,"s:16:41:19:Infinity":2,"f:16:41:16:42":1,"s:17:16:17:Infinity":3,"s:18:2:18:Infinity":4,"b:18:9:18:40:18:40:18:Infinity":0,"f:32:16:32:Infinity":2,"b:38:2:40:Infinity:undefined:undefined:undefined:undefined":1,"s:38:2:40:Infinity":5,"s:39:4:39:Infinity":6,"s:43:2:46:Infinity":7,"f:43:30:43:46":3,"s:44:10:44:Infinity":8,"s:45:4:45:Infinity":9}}}
,"/Users/kimo/Documents/SaviPets/web-admin/src/features/chat/utils/conversationGrouping.ts": {"path":"/Users/kimo/Documents/SaviPets/web-admin/src/features/chat/utils/conversationGrouping.ts","statementMap":{"0":{"start":{"line":38,"column":64},"end":{"line":43,"column":null}},"1":{"start":{"line":46,"column":2},"end":{"line":49,"column":null}},"2":{"start":{"line":47,"column":10},"end":{"line":47,"column":null}},"3":{"start":{"line":48,"column":4},"end":{"line":48,"column":null}},"4":{"start":{"line":51,"column":2},"end":{"line":51,"column":null}},"5":{"start":{"line":77,"column":73},"end":{"line":82,"column":null}},"6":{"start":{"line":84,"column":8},"end":{"line":84,"column":null}},"7":{"start":{"line":87,"column":2},"end":{"line":107,"column":null}},"8":{"start":{"line":88,"column":10},"end":{"line":88,"column":null}},"9":{"start":{"line":91,"column":4},"end":{"line":91,"column":null}},"10":{"start":{"line":94,"column":4},"end":{"line":96,"column":null}},"11":{"start":{"line":95,"column":6},"end":{"line":95,"column":null}},"12":{"start":{"line":99,"column":4},"end":{"line":106,"column":null}},"13":{"start":{"line":100,"column":12},"end":{"line":100,"column":null}},"14":{"start":{"line":101,"column":36},"end":{"line":101,"column":null}},"15":{"start":{"line":103,"column":6},"end":{"line":105,"column":null}},"16":{"start":{"line":104,"column":8},"end":{"line":104,"column":null}},"17":{"start":{"line":109,"column":2},"end":{"line":109,"column":null}}},"fnMap":{"0":{"name":"groupConversationsByCategory","decl":{"start":{"line":33,"column":16},"end":{"line":33,"column":null}},"loc":{"start":{"line":36,"column":48},"end":{"line":52,"column":null}},"line":36},"1":{"name":"calculateCategoryStats","decl":{"start":{"line":72,"column":16},"end":{"line":72,"column":null}},"loc":{"start":{"line":75,"column":59},"end":{"line":110,"column":null}},"line":75}},"branchMap":{"0":{"loc":{"start":{"line":94,"column":4},"end":{"line":96,"column":null}},"type":"if","locations":[{"start":{"line":94,"column":4},"end":{"line":96,"column":null}},{"start":{},"end":{}}],"line":94},"1":{"loc":{"start":{"line":94,"column":8},"end":{"line":94,"column":66}},"type":"binary-expr","locations":[{"start":{"line":94,"column":8},"end":{"line":94,"column":36}},{"start":{"line":94,"column":36},"end":{"line":94,"column":66}}],"line":94},"2":{"loc":{"start":{"line":99,"column":4},"end":{"line":106,"column":null}},"type":"if","locations":[{"start":{"line":99,"column":4},"end":{"line":106,"column":null}},{"start":{},"end":{}}],"line":99},"3":{"loc":{"start":{"line":103,"column":6},"end":{"line":105,"column":null}},"type":"if","locations":[{"start":{"line":103,"column":6},"end":{"line":105,"column":null}},{"start":{},"end":{}}],"line":103}},"s":{"0":7,"1":7,"2":114,"3":114,"4":7,"5":7,"6":7,"7":7,"8":115,"9":115,"10":115,"11":6,"12":115,"13":5,"14":5,"15":5,"16":3,"17":7},"f":{"0":7,"1":7},"b":{"0":[6,109],"1":[115,6],"2":[5,110],"3":[3,2]},"meta":{"lastBranch":4,"lastFunction":2,"lastStatement":18,"seen":{"f:33:16:33:Infinity":0,"s:38:64:43:Infinity":0,"s:46:2:49:Infinity":1,"s:47:10:47:Infinity":2,"s:48:4:48:Infinity":3,"s:51:2:51:Infinity":4,"f:72:16:72:Infinity":1,"s:77:73:82:Infinity":5,"s:84:8:84:Infinity":6,"s:87:2:107:Infinity":7,"s:88:10:88:Infinity":8,"s:91:4:91:Infinity":9,"b:94:4:96:Infinity:undefined:undefined:undefined:undefined":0,"s:94:4:96:Infinity":10,"b:94:8:94:36:94:36:94:66":1,"s:95:6:95:Infinity":11,"b:99:4:106:Infinity:undefined:undefined:undefined:undefined":2,"s:99:4:106:Infinity":12,"s:100:12:100:Infinity":13,"s:101:36:101:Infinity":14,"b:103:6:105:Infinity:undefined:undefined:undefined:undefined":3,"s:103:6:105:Infinity":15,"s:104:8:104:Infinity":16,"s:109:2:109:Infinity":17}}}
,"/Users/kimo/Documents/SaviPets/web-admin/src/features/chat/utils/conversationTypeDetection.ts": {"path":"/Users/kimo/Documents/SaviPets/web-admin/src/features/chat/utils/conversationTypeDetection.ts","statementMap":{"0":{"start":{"line":47,"column":2},"end":{"line":49,"column":null}},"1":{"start":{"line":48,"column":4},"end":{"line":48,"column":null}},"2":{"start":{"line":52,"column":2},"end":{"line":54,"column":null}},"3":{"start":{"line":53,"column":4},"end":{"line":53,"column":null}},"4":{"start":{"line":57,"column":28},"end":{"line":57,"column":null}},"5":{"start":{"line":60,"column":2},"end":{"line":62,"column":null}},"6":{"start":{"line":61,"column":4},"end":{"line":61,"column":null}},"7":{"start":{"line":65,"column":27},"end":{"line":67,"column":null}},"8":{"start":{"line":66,"column":14},"end":{"line":66,"column":48}},"9":{"start":{"line":66,"column":30},"end":{"line":66,"column":47}},"10":{"start":{"line":67,"column":36},"end":{"line":67,"column":54}},"11":{"start":{"line":70,"column":2},"end":{"line":72,"column":null}},"12":{"start":{"line":71,"column":4},"end":{"line":71,"column":null}},"13":{"start":{"line":75,"column":16},"end":{"line":75,"column":null}},"14":{"start":{"line":75,"column":42},"end":{"line":75,"column":48}},"15":{"start":{"line":76,"column":19},"end":{"line":76,"column":null}},"16":{"start":{"line":77,"column":20},"end":{"line":77,"column":null}},"17":{"start":{"line":78,"column":19},"end":{"line":78,"column":null}},"18":{"start":{"line":81,"column":2},"end":{"line":99,"column":null}},"19":{"start":{"line":83,"column":4},"end":{"line":85,"column":null}},"20":{"start":{"line":84,"column":6},"end":{"line":84,"column":null}},"21":{"start":{"line":88,"column":4},"end":{"line":90,"column":null}},"22":{"start":{"line":89,"column":6},"end":{"line":89,"column":null}},"23":{"start":{"line":93,"column":4},"end":{"line":95,"column":null}},"24":{"start":{"line":94,"column":6},"end":{"line":94,"column":null}},"25":{"start":{"line":98,"column":4},"end":{"line":98,"column":null}},"26":{"start":{"line":102,"column":2},"end":{"line":118,"column":null}},"27":{"start":{"line":107,"column":4},"end":{"line":109,"column":null}},"28":{"start":{"line":108,"column":6},"end":{"line":108,"column":null}},"29":{"start":{"line":112,"column":4},"end":{"line":114,"column":null}},"30":{"start":{"line":113,"column":6},"end":{"line":113,"column":null}},"31":{"start":{"line":117,"column":4},"end":{"line":117,"column":null}},"32":{"start":{"line":121,"column":2},"end":{"line":121,"column":null}}},"fnMap":{"0":{"name":"getConversationCategory","decl":{"start":{"line":42,"column":16},"end":{"line":42,"column":null}},"loc":{"start":{"line":45,"column":24},"end":{"line":122,"column":null}},"line":45},"1":{"name":"(anonymous_1)","decl":{"start":{"line":66,"column":9},"end":{"line":66,"column":14}},"loc":{"start":{"line":66,"column":14},"end":{"line":66,"column":48}},"line":66},"2":{"name":"(anonymous_2)","decl":{"start":{"line":66,"column":25},"end":{"line":66,"column":30}},"loc":{"start":{"line":66,"column":30},"end":{"line":66,"column":47}},"line":66},"3":{"name":"(anonymous_3)","decl":{"start":{"line":67,"column":12},"end":{"line":67,"column":13}},"loc":{"start":{"line":67,"column":36},"end":{"line":67,"column":54}},"line":67},"4":{"name":"(anonymous_4)","decl":{"start":{"line":75,"column":37},"end":{"line":75,"column":42}},"loc":{"start":{"line":75,"column":42},"end":{"line":75,"column":48}},"line":75}},"branchMap":{"0":{"loc":{"start":{"line":47,"column":2},"end":{"line":49,"column":null}},"type":"if","locations":[{"start":{"line":47,"column":2},"end":{"line":49,"column":null}},{"start":{},"end":{}}],"line":47},"1":{"loc":{"start":{"line":47,"column":6},"end":{"line":47,"column":76}},"type":"binary-expr","locations":[{"start":{"line":47,"column":6},"end":{"line":47,"column":36}},{"start":{"line":47,"column":36},"end":{"line":47,"column":76}}],"line":47},"2":{"loc":{"start":{"line":52,"column":2},"end":{"line":54,"column":null}},"type":"if","locations":[{"start":{"line":52,"column":2},"end":{"line":54,"column":null}},{"start":{},"end":{}}],"line":52},"3":{"loc":{"start":{"line":52,"column":6},"end":{"line":52,"column":36}},"type":"binary-expr","locations":[{"start":{"line":52,"column":6},"end":{"line":52,"column":16}},{"start":{"line":52,"column":16},"end":{"line":52,"column":36}}],"line":52},"4":{"loc":{"start":{"line":60,"column":2},"end":{"line":62,"column":null}},"type":"if","locations":[{"start":{"line":60,"column":2},"end":{"line":62,"column":null}},{"start":{},"end":{}}],"line":60},"5":{"loc":{"start":{"line":70,"column":2},"end":{"line":72,"column":null}},"type":"if","locations":[{"start":{"line":70,"column":2},"end":{"line":72,"column":null}},{"start":{},"end":{}}],"line":70},"6":{"loc":{"start":{"line":81,"column":2},"end":{"line":99,"column":null}},"type":"if","locations":[{"start":{"line":81,"column":2},"end":{"line":99,"column":null}},{"start":{},"end":{}}],"line":81},"7":{"loc":{"start":{"line":83,"column":4},"end":{"line":85,"column":null}},"type":"if","locations":[{"start":{"line":83,"column":4},"end":{"line":85,"column":null}},{"start":{},"end":{}}],"line":83},"8":{"loc":{"start":{"line":88,"column":4},"end":{"line":90,"column":null}},"type":"if","locations":[{"start":{"line":88,"column":4},"end":{"line":90,"column":null}},{"start":{},"end":{}}],"line":88},"9":{"loc":{"start":{"line":88,"column":8},"end":{"line":88,"column":44}},"type":"binary-expr","locations":[{"start":{"line":88,"column":8},"end":{"line":88,"column":20}},{"start":{"line":88,"column":20},"end":{"line":88,"column":33}},{"start":{"line":88,"column":33},"end":{"line":88,"column":44}}],"line":88},"10":{"loc":{"start":{"line":93,"column":4},"end":{"line":95,"column":null}},"type":"if","locations":[{"start":{"line":93,"column":4},"end":{"line":95,"column":null}},{"start":{},"end":{}}],"line":93},"11":{"loc":{"start":{"line":93,"column":8},"end":{"line":93,"column":44}},"type":"binary-expr","locations":[{"start":{"line":93,"column":8},"end":{"line":93,"column":20}},{"start":{"line":93,"column":20},"end":{"line":93,"column":32}},{"start":{"line":93,"column":32},"end":{"line":93,"column":44}}],"line":93},"12":{"loc":{"start":{"line":102,"column":2},"end":{"line":118,"column":null}},"type":"if","locations":[{"start":{"line":102,"column":2},"end":{"line":118,"column":null}},{"start":{},"end":{}}],"line":102},"13":{"loc":{"start":{"line":103,"column":4},"end":{"line":104,"column":null}},"type":"binary-expr","locations":[{"start":{"line":103,"column":4},"end":{"line":103,"column":null}},{"start":{"line":104,"column":4},"end":{"line":104,"column":null}}],"line":103},"14":{"loc":{"start":{"line":107,"column":4},"end":{"line":109,"column":null}},"type":"if","locations":[{"start":{"line":107,"column":4},"end":{"line":109,"column":null}},{"start":{},"end":{}}],"line":107},"15":{"loc":{"start":{"line":112,"column":4},"end":{"line":114,"column":null}},"type":"if","locations":[{"start":{"line":112,"column":4},"end":{"line":114,"column":null}},{"start":{},"end":{}}],"line":112},"16":{"loc":{"start":{"line":112,"column":8},"end":{"line":112,"column":44}},"type":"binary-expr","locations":[{"start":{"line":112,"column":8},"end":{"line":112,"column":21}},{"start":{"line":112,"column":21},"end":{"line":112,"column":33}},{"start":{"line":112,"column":33},"end":{"line":112,"column":44}}],"line":112}},"s":{"0":374,"1":3,"2":371,"3":1,"4":370,"5":370,"6":2,"7":368,"8":737,"9":1445,"10":737,"11":368,"12":1,"13":367,"14":735,"15":367,"16":367,"17":367,"18":367,"19":252,"20":3,"21":249,"22":133,"23":116,"24":116,"25":0,"26":115,"27":114,"28":0,"29":114,"30":114,"31":0,"32":1},"f":{"0":374,"1":737,"2":1445,"3":737,"4":735},"b":{"0":[3,371],"1":[374,374],"2":[1,370],"3":[371,371],"4":[2,368],"5":[1,367],"6":[252,115],"7":[3,249],"8":[133,116],"9":[249,249,133],"10":[116,0],"11":[116,116,116],"12":[114,1],"13":[115,114],"14":[0,114],"15":[114,0],"16":[114,114,114]},"meta":{"lastBranch":17,"lastFunction":5,"lastStatement":33,"seen":{"f:42:16:42:Infinity":0,"b:47:2:49:Infinity:undefined:undefined:undefined:undefined":0,"s:47:2:49:Infinity":0,"b:47:6:47:36:47:36:47:76":1,"s:48:4:48:Infinity":1,"b:52:2:54:Infinity:undefined:undefined:undefined:undefined":2,"s:52:2:54:Infinity":2,"b:52:6:52:16:52:16:52:36":3,"s:53:4:53:Infinity":3,"s:57:28:57:Infinity":4,"b:60:2:62:Infinity:undefined:undefined:undefined:undefined":4,"s:60:2:62:Infinity":5,"s:61:4:61:Infinity":6,"s:65:27:67:Infinity":7,"f:66:9:66:14":1,"s:66:14:66:48":8,"f:66:25:66:30":2,"s:66:30:66:47":9,"f:67:12:67:13":3,"s:67:36:67:54":10,"b:70:2:72:Infinity:undefined:undefined:undefined:undefined":5,"s:70:2:72:Infinity":11,"s:71:4:71:Infinity":12,"s:75:16:75:Infinity":13,"f:75:37:75:42":4,"s:75:42:75:48":14,"s:76:19:76:Infinity":15,"s:77:20:77:Infinity":16,"s:78:19:78:Infinity":17,"b:81:2:99:Infinity:undefined:undefined:undefined:undefined":6,"s:81:2:99:Infinity":18,"b:83:4:85:Infinity:undefined:undefined:undefined:undefined":7,"s:83:4:85:Infinity":19,"s:84:6:84:Infinity":20,"b:88:4:90:Infinity:undefined:undefined:undefined:undefined":8,"s:88:4:90:Infinity":21,"b:88:8:88:20:88:20:88:33:88:33:88:44":9,"s:89:6:89:Infinity":22,"b:93:4:95:Infinity:undefined:undefined:undefined:undefined":10,"s:93:4:95:Infinity":23,"b:93:8:93:20:93:20:93:32:93:32:93:44":11,"s:94:6:94:Infinity":24,"s:98:4:98:Infinity":25,"b:102:2:118:Infinity:undefined:undefined:undefined:undefined":12,"s:102:2:118:Infinity":26,"b:103:4:103:Infinity:104:4:104:Infinity":13,"b:107:4:109:Infinity:undefined:undefined:undefined:undefined":14,"s:107:4:109:Infinity":27,"s:108:6:108:Infinity":28,"b:112:4:114:Infinity:undefined:undefined:undefined:undefined":15,"s:112:4:114:Infinity":29,"b:112:8:112:21:112:21:112:33:112:33:112:44":16,"s:113:6:113:Infinity":30,"s:117:4:117:Infinity":31,"s:121:2:121:Infinity":32}}}
,"/Users/kimo/Documents/SaviPets/web-admin/src/features/chat/utils/dataNormalization.ts": {"path":"/Users/kimo/Documents/SaviPets/web-admin/src/features/chat/utils/dataNormalization.ts","statementMap":{"0":{"start":{"line":15,"column":2},"end":{"line":17,"column":null}},"1":{"start":{"line":16,"column":4},"end":{"line":16,"column":null}},"2":{"start":{"line":19,"column":2},"end":{"line":22,"column":null}},"3":{"start":{"line":20,"column":4},"end":{"line":20,"column":null}},"4":{"start":{"line":21,"column":4},"end":{"line":21,"column":null}},"5":{"start":{"line":24,"column":2},"end":{"line":26,"column":null}},"6":{"start":{"line":25,"column":4},"end":{"line":25,"column":null}},"7":{"start":{"line":29,"column":2},"end":{"line":33,"column":null}},"8":{"start":{"line":30,"column":4},"end":{"line":32,"column":null}},"9":{"start":{"line":31,"column":36},"end":{"line":31,"column":73}},"10":{"start":{"line":32,"column":24},"end":{"line":32,"column":35}},"11":{"start":{"line":36,"column":2},"end":{"line":40,"column":null}},"12":{"start":{"line":37,"column":4},"end":{"line":39,"column":null}},"13":{"start":{"line":38,"column":46},"end":{"line":38,"column":96}},"14":{"start":{"line":39,"column":19},"end":{"line":39,"column":41}},"15":{"start":{"line":42,"column":2},"end":{"line":42,"column":null}},"16":{"start":{"line":43,"column":2},"end":{"line":43,"column":null}},"17":{"start":{"line":51,"column":2},"end":{"line":53,"column":null}},"18":{"start":{"line":52,"column":4},"end":{"line":52,"column":null}},"19":{"start":{"line":56,"column":2},"end":{"line":63,"column":null}},"20":{"start":{"line":57,"column":4},"end":{"line":62,"column":null}},"21":{"start":{"line":58,"column":6},"end":{"line":58,"column":null}},"22":{"start":{"line":60,"column":6},"end":{"line":60,"column":null}},"23":{"start":{"line":61,"column":6},"end":{"line":61,"column":null}},"24":{"start":{"line":66,"column":2},"end":{"line":68,"column":null}},"25":{"start":{"line":67,"column":4},"end":{"line":67,"column":null}},"26":{"start":{"line":71,"column":2},"end":{"line":77,"column":null}},"27":{"start":{"line":72,"column":17},"end":{"line":72,"column":null}},"28":{"start":{"line":73,"column":4},"end":{"line":75,"column":null}},"29":{"start":{"line":74,"column":6},"end":{"line":74,"column":null}},"30":{"start":{"line":76,"column":4},"end":{"line":76,"column":null}},"31":{"start":{"line":80,"column":2},"end":{"line":86,"column":null}},"32":{"start":{"line":81,"column":17},"end":{"line":81,"column":null}},"33":{"start":{"line":82,"column":4},"end":{"line":84,"column":null}},"34":{"start":{"line":83,"column":6},"end":{"line":83,"column":null}},"35":{"start":{"line":85,"column":4},"end":{"line":85,"column":null}},"36":{"start":{"line":88,"column":2},"end":{"line":88,"column":null}},"37":{"start":{"line":89,"column":2},"end":{"line":89,"column":null}},"38":{"start":{"line":97,"column":2},"end":{"line":99,"column":null}},"39":{"start":{"line":98,"column":4},"end":{"line":98,"column":null}},"40":{"start":{"line":100,"column":2},"end":{"line":102,"column":null}},"41":{"start":{"line":101,"column":4},"end":{"line":101,"column":null}},"42":{"start":{"line":103,"column":2},"end":{"line":103,"column":null}}},"fnMap":{"0":{"name":"normalizeParticipants","decl":{"start":{"line":12,"column":16},"end":{"line":12,"column":null}},"loc":{"start":{"line":14,"column":29},"end":{"line":44,"column":null}},"line":14},"1":{"name":"(anonymous_1)","decl":{"start":{"line":31,"column":14},"end":{"line":31,"column":15}},"loc":{"start":{"line":31,"column":36},"end":{"line":31,"column":73}},"line":31},"2":{"name":"(anonymous_2)","decl":{"start":{"line":32,"column":11},"end":{"line":32,"column":12}},"loc":{"start":{"line":32,"column":24},"end":{"line":32,"column":35}},"line":32},"3":{"name":"(anonymous_3)","decl":{"start":{"line":38,"column":14},"end":{"line":38,"column":15}},"loc":{"start":{"line":38,"column":46},"end":{"line":38,"column":96}},"line":38},"4":{"name":"(anonymous_4)","decl":{"start":{"line":39,"column":11},"end":{"line":39,"column":12}},"loc":{"start":{"line":39,"column":19},"end":{"line":39,"column":41}},"line":39},"5":{"name":"normalizeTimestamp","decl":{"start":{"line":50,"column":16},"end":{"line":50,"column":35}},"loc":{"start":{"line":50,"column":58},"end":{"line":90,"column":null}},"line":50},"6":{"name":"normalizeMessageText","decl":{"start":{"line":96,"column":16},"end":{"line":96,"column":37}},"loc":{"start":{"line":96,"column":63},"end":{"line":104,"column":null}},"line":96}},"branchMap":{"0":{"loc":{"start":{"line":15,"column":2},"end":{"line":17,"column":null}},"type":"if","locations":[{"start":{"line":15,"column":2},"end":{"line":17,"column":null}},{"start":{},"end":{}}],"line":15},"1":{"loc":{"start":{"line":19,"column":2},"end":{"line":22,"column":null}},"type":"if","locations":[{"start":{"line":19,"column":2},"end":{"line":22,"column":null}},{"start":{},"end":{}}],"line":19},"2":{"loc":{"start":{"line":24,"column":2},"end":{"line":26,"column":null}},"type":"if","locations":[{"start":{"line":24,"column":2},"end":{"line":26,"column":null}},{"start":{},"end":{}}],"line":24},"3":{"loc":{"start":{"line":29,"column":2},"end":{"line":33,"column":null}},"type":"if","locations":[{"start":{"line":29,"column":2},"end":{"line":33,"column":null}},{"start":{},"end":{}}],"line":29},"4":{"loc":{"start":{"line":31,"column":44},"end":{"line":31,"column":72}},"type":"binary-expr","locations":[{"start":{"line":31,"column":44},"end":{"line":31,"column":50}},{"start":{"line":31,"column":50},"end":{"line":31,"column":72}}],"line":31},"5":{"loc":{"start":{"line":36,"column":2},"end":{"line":40,"column":null}},"type":"if","locations":[{"start":{"line":36,"column":2},"end":{"line":40,"column":null}},{"start":{},"end":{}}],"line":36},"6":{"loc":{"start":{"line":36,"column":6},"end":{"line":36,"column":77}},"type":"binary-expr","locations":[{"start":{"line":36,"column":6},"end":{"line":36,"column":48}},{"start":{"line":36,"column":48},"end":{"line":36,"column":77}}],"line":36},"7":{"loc":{"start":{"line":38,"column":54},"end":{"line":38,"column":95}},"type":"binary-expr","locations":[{"start":{"line":38,"column":54},"end":{"line":38,"column":67}},{"start":{"line":38,"column":67},"end":{"line":38,"column":95}}],"line":38},"8":{"loc":{"start":{"line":51,"column":2},"end":{"line":53,"column":null}},"type":"if","locations":[{"start":{"line":51,"column":2},"end":{"line":53,"column":null}},{"start":{},"end":{}}],"line":51},"9":{"loc":{"start":{"line":56,"column":2},"end":{"line":63,"column":null}},"type":"if","locations":[{"start":{"line":56,"column":2},"end":{"line":63,"column":null}},{"start":{},"end":{}}],"line":56},"10":{"loc":{"start":{"line":56,"column":6},"end":{"line":56,"column":54}},"type":"binary-expr","locations":[{"start":{"line":56,"column":6},"end":{"line":56,"column":20}},{"start":{"line":56,"column":20},"end":{"line":56,"column":54}}],"line":56},"11":{"loc":{"start":{"line":66,"column":2},"end":{"line":68,"column":null}},"type":"if","locations":[{"start":{"line":66,"column":2},"end":{"line":68,"column":null}},{"start":{},"end":{}}],"line":66},"12":{"loc":{"start":{"line":71,"column":2},"end":{"line":77,"column":null}},"type":"if","locations":[{"start":{"line":71,"column":2},"end":{"line":77,"column":null}},{"start":{},"end":{}}],"line":71},"13":{"loc":{"start":{"line":73,"column":4},"end":{"line":75,"column":null}},"type":"if","locations":[{"start":{"line":73,"column":4},"end":{"line":75,"column":null}},{"start":{},"end":{}}],"line":73},"14":{"loc":{"start":{"line":80,"column":2},"end":{"line":86,"column":null}},"type":"if","locations":[{"start":{"line":80,"column":2},"end":{"line":86,"column":null}},{"start":{},"end":{}}],"line":80},"15":{"loc":{"start":{"line":82,"column":4},"end":{"line":84,"column":null}},"type":"if","locations":[{"start":{"line":82,"column":4},"end":{"line":84,"column":null}},{"start":{},"end":{}}],"line":82},"16":{"loc":{"start":{"line":97,"column":2},"end":{"line":99,"column":null}},"type":"if","locations":[{"start":{"line":97,"column":2},"end":{"line":99,"column":null}},{"start":{},"end":{}}],"line":97},"17":{"loc":{"start":{"line":100,"column":2},"end":{"line":102,"column":null}},"type":"if","locations":[{"start":{"line":100,"column":2},"end":{"line":102,"column":null}},{"start":{},"end":{}}],"line":100}},"s":{"0":13,"1":2,"2":11,"3":3,"4":3,"5":8,"6":1,"7":7,"8":3,"9":8,"10":5,"11":4,"12":3,"13":11,"14":6,"15":1,"16":1,"17":14,"18":4,"19":10,"20":2,"21":2,"22":1,"23":1,"24":8,"25":1,"26":7,"27":2,"28":2,"29":1,"30":1,"31":5,"32":3,"33":3,"34":1,"35":2,"36":2,"37":2,"38":10,"39":2,"40":8,"41":1,"42":7},"f":{"0":13,"1":8,"2":5,"3":11,"4":6,"5":14,"6":10},"b":{"0":[2,11],"1":[3,8],"2":[1,7],"3":[3,4],"4":[8,5],"5":[3,1],"6":[4,3],"7":[11,7],"8":[4,10],"9":[2,8],"10":[10,2],"11":[1,7],"12":[2,5],"13":[1,1],"14":[3,2],"15":[1,2],"16":[2,8],"17":[1,7]},"meta":{"lastBranch":18,"lastFunction":7,"lastStatement":43,"seen":{"f:12:16:12:Infinity":0,"b:15:2:17:Infinity:undefined:undefined:undefined:undefined":0,"s:15:2:17:Infinity":0,"s:16:4:16:Infinity":1,"b:19:2:22:Infinity:undefined:undefined:undefined:undefined":1,"s:19:2:22:Infinity":2,"s:20:4:20:Infinity":3,"s:21:4:21:Infinity":4,"b:24:2:26:Infinity:undefined:undefined:undefined:undefined":2,"s:24:2:26:Infinity":5,"s:25:4:25:Infinity":6,"b:29:2:33:Infinity:undefined:undefined:undefined:undefined":3,"s:29:2:33:Infinity":7,"s:30:4:32:Infinity":8,"f:31:14:31:15":1,"s:31:36:31:73":9,"b:31:44:31:50:31:50:31:72":4,"f:32:11:32:12":2,"s:32:24:32:35":10,"b:36:2:40:Infinity:undefined:undefined:undefined:undefined":5,"s:36:2:40:Infinity":11,"b:36:6:36:48:36:48:36:77":6,"s:37:4:39:Infinity":12,"f:38:14:38:15":3,"s:38:46:38:96":13,"b:38:54:38:67:38:67:38:95":7,"f:39:11:39:12":4,"s:39:19:39:41":14,"s:42:2:42:Infinity":15,"s:43:2:43:Infinity":16,"f:50:16:50:35":5,"b:51:2:53:Infinity:undefined:undefined:undefined:undefined":8,"s:51:2:53:Infinity":17,"s:52:4:52:Infinity":18,"b:56:2:63:Infinity:undefined:undefined:undefined:undefined":9,"s:56:2:63:Infinity":19,"b:56:6:56:20:56:20:56:54":10,"s:57:4:62:Infinity":20,"s:58:6:58:Infinity":21,"s:60:6:60:Infinity":22,"s:61:6:61:Infinity":23,"b:66:2:68:Infinity:undefined:undefined:undefined:undefined":11,"s:66:2:68:Infinity":24,"s:67:4:67:Infinity":25,"b:71:2:77:Infinity:undefined:undefined:undefined:undefined":12,"s:71:2:77:Infinity":26,"s:72:17:72:Infinity":27,"b:73:4:75:Infinity:undefined:undefined:undefined:undefined":13,"s:73:4:75:Infinity":28,"s:74:6:74:Infinity":29,"s:76:4:76:Infinity":30,"b:80:2:86:Infinity:undefined:undefined:undefined:undefined":14,"s:80:2:86:Infinity":31,"s:81:17:81:Infinity":32,"b:82:4:84:Infinity:undefined:undefined:undefined:undefined":15,"s:82:4:84:Infinity":33,"s:83:6:83:Infinity":34,"s:85:4:85:Infinity":35,"s:88:2:88:Infinity":36,"s:89:2:89:Infinity":37,"f:96:16:96:37":6,"b:97:2:99:Infinity:undefined:undefined:undefined:undefined":16,"s:97:2:99:Infinity":38,"s:98:4:98:Infinity":39,"b:100:2:102:Infinity:undefined:undefined:undefined:undefined":17,"s:100:2:102:Infinity":40,"s:101:4:101:Infinity":41,"s:103:2:103:Infinity":42}}}
,"/Users/kimo/Documents/SaviPets/web-admin/src/features/chat/utils/messageValidation.ts": {"path":"/Users/kimo/Documents/SaviPets/web-admin/src/features/chat/utils/messageValidation.ts","statementMap":{"0":{"start":{"line":7,"column":27},"end":{"line":7,"column":null}},"1":{"start":{"line":8,"column":27},"end":{"line":8,"column":null}},"2":{"start":{"line":9,"column":36},"end":{"line":9,"column":null}},"3":{"start":{"line":21,"column":2},"end":{"line":26,"column":null}},"4":{"start":{"line":22,"column":4},"end":{"line":25,"column":null}},"5":{"start":{"line":28,"column":2},"end":{"line":33,"column":null}},"6":{"start":{"line":29,"column":4},"end":{"line":32,"column":null}},"7":{"start":{"line":35,"column":2},"end":{"line":40,"column":null}},"8":{"start":{"line":36,"column":4},"end":{"line":39,"column":null}},"9":{"start":{"line":42,"column":2},"end":{"line":47,"column":null}},"10":{"start":{"line":43,"column":4},"end":{"line":46,"column":null}},"11":{"start":{"line":49,"column":2},"end":{"line":54,"column":null}},"12":{"start":{"line":50,"column":4},"end":{"line":53,"column":null}},"13":{"start":{"line":56,"column":2},"end":{"line":56,"column":null}},"14":{"start":{"line":64,"column":2},"end":{"line":64,"column":null}}},"fnMap":{"0":{"name":"validateMessageText","decl":{"start":{"line":20,"column":16},"end":{"line":20,"column":36}},"loc":{"start":{"line":20,"column":75},"end":{"line":57,"column":null}},"line":20},"1":{"name":"sanitizeMessageText","decl":{"start":{"line":63,"column":16},"end":{"line":63,"column":36}},"loc":{"start":{"line":63,"column":58},"end":{"line":65,"column":null}},"line":63}},"branchMap":{"0":{"loc":{"start":{"line":21,"column":2},"end":{"line":26,"column":null}},"type":"if","locations":[{"start":{"line":21,"column":2},"end":{"line":26,"column":null}},{"start":{},"end":{}}],"line":21},"1":{"loc":{"start":{"line":28,"column":2},"end":{"line":33,"column":null}},"type":"if","locations":[{"start":{"line":28,"column":2},"end":{"line":33,"column":null}},{"start":{},"end":{}}],"line":28},"2":{"loc":{"start":{"line":35,"column":2},"end":{"line":40,"column":null}},"type":"if","locations":[{"start":{"line":35,"column":2},"end":{"line":40,"column":null}},{"start":{},"end":{}}],"line":35},"3":{"loc":{"start":{"line":42,"column":2},"end":{"line":47,"column":null}},"type":"if","locations":[{"start":{"line":42,"column":2},"end":{"line":47,"column":null}},{"start":{},"end":{}}],"line":42},"4":{"loc":{"start":{"line":49,"column":2},"end":{"line":54,"column":null}},"type":"if","locations":[{"start":{"line":49,"column":2},"end":{"line":54,"column":null}},{"start":{},"end":{}}],"line":49}},"s":{"0":1,"1":1,"2":1,"3":30,"4":6,"5":24,"6":1,"7":23,"8":1,"9":22,"10":5,"11":17,"12":4,"13":13,"14":12},"f":{"0":30,"1":12},"b":{"0":[6,24],"1":[1,23],"2":[1,22],"3":[5,17],"4":[4,13]},"meta":{"lastBranch":5,"lastFunction":2,"lastStatement":15,"seen":{"s:7:27:7:Infinity":0,"s:8:27:8:Infinity":1,"s:9:36:9:Infinity":2,"f:20:16:20:36":0,"b:21:2:26:Infinity:undefined:undefined:undefined:undefined":0,"s:21:2:26:Infinity":3,"s:22:4:25:Infinity":4,"b:28:2:33:Infinity:undefined:undefined:undefined:undefined":1,"s:28:2:33:Infinity":5,"s:29:4:32:Infinity":6,"b:35:2:40:Infinity:undefined:undefined:undefined:undefined":2,"s:35:2:40:Infinity":7,"s:36:4:39:Infinity":8,"b:42:2:47:Infinity:undefined:undefined:undefined:undefined":3,"s:42:2:47:Infinity":9,"s:43:4:46:Infinity":10,"b:49:2:54:Infinity:undefined:undefined:undefined:undefined":4,"s:49:2:54:Infinity":11,"s:50:4:53:Infinity":12,"s:56:2:56:Infinity":13,"f:63:16:63:36":1,"s:64:2:64:Infinity":14}}}
}
